[16680:4104:2023-7-13 2:37:19.226] Main Start
[16680:4104:2023-7-13 2:37:19.226] Command line:"C:\Users\Dylan\OneDrive\Documents\Godot4.0Garb\Utopia Unleshed\SpriteImages\decorative-chinese-pattern-red-background\Zoom_cm_fo42mnktZ9vvrZo4_mT+GAcehTHHoccG45zOH+dTlmtHg0RcYKUEAZ@gVK-PEWmYMFnXJyG_k8af9cda255ad380c_.exe"  Instance:0x2F0000 Show State:1
[16680:4104:2023-7-13 2:37:19.305] C:\
[16680:7140:2023-7-13 2:37:19.311] [process_requst] start, url:https://us05web.zoom.us/conf/launch
[16680:7140:2023-7-13 2:37:19.639] [req_state_read_status_code] zHttpQueryInfo complete, status:200
[16680:7140:2023-7-13 2:37:19.640] [req_state_read_status_code] zHttpQueryInfo complete, status:200 Error: 0
[16680:7140:2023-7-13 2:37:19.640] [read_response_content] API call zHttpQueryInfo failed, error: 12150
[16680:7140:2023-7-13 2:37:19.641] [log_response_content] Content length (1048576 as unknown):1048576 , Total read: 2292 , Error No: 0 , Status code: 200
[16680:7140:2023-7-13 2:37:19.641] [log_response_content] header:
[16680:7140:2023-7-13 2:37:19.641] HTTP/1.1 200 OK
Date: Thu, 13 Jul 2023 06:37:19 GMT
Content-Type: text/plain;charset=utf-8
Transfer-Encoding: chunked
Connection: keep-alive
x-zm-trackingid: v=2.0;clid=us05;rid=WEB_1d62f9d75981575f4530bb5c00df632b
x-content-type-options: nosniff
content-security-policy: upgrade-insecure-requests; default-src https://*.zoom.us https://zoom.us blob: 'self'; img-src https: about: blob: data: 'self'; style-src https: safari-extension: chrome-extension: 'unsafe-inline' data: 'self'; font-src https: safari-extension: chrome-extension: blob: data: 'self'; connect-src * about: blob: data: 'self'; media-src * rtmp: blob: data: 'self'; frame-src https: ms-appx-web: zoommtg: zoomus: wvjbscheme: data: blob: 'self'; object-src 'none'; base-uri 'none';
x-frame-options: SAMEORIGIN
set-cookie: zm_aid=""; Domain=.zoom.us; Expires=Thu, 01-Jan-1970 00:00:10 GMT; Path=/; Secure; HttpOnly
x-zm-zoneid: VA
strict-transport-security: max-age=31536000; includeSubDomains
x-xss-protection: 1; mode=block
referrer-policy: strict-origin-when-cross-origin
CF-Cache-Status: DYNAMIC
Set-Cookie: zm_haid=""; Domain=.zoom.us; Expires=Thu, 01-Jan-1970 00:00:10 GMT; Path=/; Secure; HttpOnly
Set-Cookie: zm_tmaid=""; Domain=.zoom.us; Expires=Thu, 01-Jan-1970 00:00:10 GMT; Path=/; Secure; HttpOnly
Set-Cookie: zm_htmaid=""; Domain=.zoom.us; Expires=Thu, 01-Jan-1970 00:00:10 GMT; Path=/; Secure; HttpOnly
Set-Cookie: cred=8C54AFBF810E29905B55A6B6B5A1C747; Path=/; Secure; HttpOnly
Set-Cookie: _zm_page_auth=us05_c_FdllYmbhST-nMIm6rMz3Bw; Domain=.zoom.us; Path=/; Secure; HttpOnly
Set-Cookie: _zm_ssid=us05_c_ZsFTst7cQQK7Z9DfYGajdA; Domain=.zoom.us; Path=/; Secure; HttpOnly
Set-Cookie: _zm_ctaid=3D6Ym-nMTket7zVKi8jttg.1689230239720.841d81b101633224214d30891494566c; Domain=.zoom.us; Expires=Thu, 13-Jul-2023 08:37:19 GMT; Path=/; Secure; HttpOnly
Set-Cookie: _zm_chtaid=835; Domain=.zoom.us; Expires=Thu, 13-Jul-2023 08:37:19 GMT; Path=/; Secure; HttpOnly
Set-Cookie: _zm_mtk_guid=bd46c414492b40f4a67db855ab007caa; Domain=.zoom.us; Expires=Sat, 12-Jul-2025 06:37:19 GMT; Path=/; Secure
Set-Cookie: TS01f92dc5=01331be335b924a0f97bad79fa6d1d8bfda7921547d298e5f8bba82316a7530ded6136f95352bcef098915b4d2ab5562c422fb419d; Path=/; Secure; HttpOnly; SameSite=Strict;
Set-Cookie: TS018dd1ba=01331be335b924a0f97bad79fa6d1d8bfda7921547d298e5f8bba82316a7530ded6136f95352bcef098915b4d2ab5562c422fb419d; path=/; domain=.zoom.us
Set-Cookie: __cf_bm=VoBF3EufHbX.w4bE5OaRYRjbKwTQmM2q6RBrqfBZA3k-1689230239-0-Aewoj/tx0sQ/t86cHFb+2ahq67DqWqdBDeOolEhoP5QuVJwmvVtnGcirWHx/yN8YPtFCELK6q2Th73rty/+/h8E=; path=/; expires=Thu, 13-Jul-23 07:07:19 GMT; domain=.us05web.zoom.us; HttpOnly; Secure; SameSite=None
Report-To: {"endpoints":[{"url":"https:\/\/a.nel.cloudflare.com\/report\/v3?s=sKNeTczcFKdETvTOsWGk2mXpb9GC7peirF4vkucNMf%2F8hoE07AK7quefLTM8%2BdVA3S8rWKr63NnPSBP5qDE5xbDVXU8frTCYNAyX3e5df5i%2B0utNu%2Fr5hIsgi1l0%2FerOIFbUBEX7nW5Dd99M%2Bw%3D%3D"}],"group":"cf-nel","max_age":604800}
NEL: {"success_fraction":0.01,"report_to":"cf-nel","max_age":604800}
Server: cloudflare
CF-RAY: 7e5f844599be4229-EWR
alt-svc: h3=":443"; ma=86400


[16680:7140:2023-7-13 2:37:19.641] [process_requst] End for url:https://us05web.zoom.us/conf/launch, return code:200, Error:0, Response content size:2292
[16680:4104:2023-7-13 2:37:19.688] [client_has_installed_app] found path:
[16680:4104:2023-7-13 2:37:19.688]  ***NULL-POINTER-PLACEHOLDER***
[16680:4104:2023-7-13 2:37:19.689] [param_query_local_path] path is: C:\Users\Dylan\AppData\Roaming\Zoom\ZoomDownload\ dir create response : 1 system error: 1008
[16680:4104:2023-7-13 2:37:19.689] [downloader_run] State:0
[16680:17312:2023-7-13 2:37:19.692] [process_requst] start, url:https://us05web.zoom.us/client/latest/Installer.exe?archType=x64
[16680:4104:2023-7-13 2:37:19.692] [client_has_installed_app] found path:
[16680:4104:2023-7-13 2:37:19.692]  ***NULL-POINTER-PLACEHOLDER***
[16680:17312:2023-7-13 2:37:19.955] [req_state_read_status_code] zHttpQueryInfo complete, status:200
[16680:17312:2023-7-13 2:37:19.955] [req_state_read_status_code] zHttpQueryInfo complete, status:200 Error: 0
[16680:17312:2023-7-13 2:37:19.995] [read_response_file] Status Code:200, content length: 1000768, total read: 1000768, error code: 0
[16680:17312:2023-7-13 2:37:19.998] [process_requst] End for url:https://us05web.zoom.us/client/latest/Installer.exe?archType=x64, return code:200, Error:0, Response content size:0
[16680:4104:2023-7-13 2:37:20.56] [handle_download_job_done] Index: 1 Curr index: 1 StatusCode: 200 Error: 0 Response is Empty. 
[16680:17312:2023-7-13 2:37:20.256] [process_requst] start, url:https://us05web.zoom.us/client/latest/Zoom.msi?archType=x64
[16680:17312:2023-7-13 2:37:20.316] [req_state_read_status_code] zHttpQueryInfo complete, status:200
[16680:17312:2023-7-13 2:37:20.316] [req_state_read_status_code] zHttpQueryInfo complete, status:200 Error: 0
[16680:17312:2023-7-13 2:37:20.727] [read_response_file] Status Code:200, content length: 32584330, total read: 32584330, error code: 0
[16680:17312:2023-7-13 2:37:20.757] [process_requst] End for url:https://us05web.zoom.us/client/latest/Zoom.msi?archType=x64, return code:200, Error:0, Response content size:0
[16680:4104:2023-7-13 2:37:20.816] [handle_download_job_done] Index: 2 Curr index: 2 StatusCode: 200 Error: 0 Response is Empty. 
[16680:4104:2023-7-13 2:37:20.847] C:\Users\Dylan\AppData\Roaming\Zoom\ZoomDownload\Installer.exe
[16680:4104:2023-7-13 2:37:20.847] ZInstaller --conf.mode=silent --ipc_wnd=11862216
[16680:4104:2023-7-13 2:37:21.463] [launch_silent_install] Installer process created, result:42
[16680:4104:2023-7-13 2:37:42.414] C:\Users\Dylan\AppData\Roaming\Zoom\bin\Zoom.exe
[16680:4104:2023-7-13 2:37:42.440] client_launch_app: 
[16680:4104:2023-7-13 2:37:42.440] C:\Users\Dylan\AppData\Roaming\Zoom\bin\Zoom.exe
[16680:4104:2023-7-13 2:37:42.440] "--url=zoommtg://win.launch?h.domain=us05web.zoom.us&h.path=start&confid=dXNzPXdTQTB2ZHFaQmVmVXJNSzVvTGhudUlJX29mT3VHQklxTEQ2X2E2V3M3ZWhOdm1MYkpkbWZ0RzYwQ2hhRXVTM2h2c3M4Slk4Y1ZDNzFQTEF0TS1kb0RLYUdOZlM2aEw3SlphdllLS0laclpCX1JLLUREWTlBMXVzQWVObHZOUEEub2E1bEp0bWpJdVpBb0NrUyZ6YWs9ZXlKMGVYQWlPaUpLVjFRaUxDSnpkaUk2SWpBd01EQXdNaUlzSW5wdFgzTnJiU0k2SW5wdFgyOHliU0lzSW1Gc1p5STZJa2hUTWpVMkluMC5leUpoZFdRaU9pSmpiR2xsYm5RaUxDSjFhV1FpT2lKRlpHMXNha1pLTFZSYVMwcFFUeTFLYkZsVE5EUlJJaXdpYVhOeklqb2lkMlZpSWl3aWMyc2lPaUl3SWl3aWMzUjVJam94TURBc0luZGpaQ0k2SWlJc0ltTnNkQ0k2TUN3aVpYaHdJam94TmpnNU1qTXhNVEkyTENKcFlYUWlPakUyT0RreU16QXlNallzSW1GcFpDSTZJbG94YW5kQ2VuSXdVbGcyVW1Od2JUTnhVbWg1UTBFaUxDSmphV1FpT2lJaWZRLl9WNXFKeEpfdGVMRGs5QzJLa3RXMzc2Yy1UMEpxaVJWWjlyczNWQmkweTQmdGlkPTc4YTU1OTQzMjg4NjQzMTY5ZmRjMjllYmRhYWVjZWRjJmVtYWlsPWR5bGFuczI1NTglNDBnbWFpbC5jb20%3D&mcv=0.92.11227.0929&uname=Dylan%20Shokrpour&stype=100&zc=0&sid=EdmljFJ-TZKJPO-JlYS44Q&token=u&uid=EdmljFJ-TZKJPO-JlYS44Q&browser=chrome&action=start&confno=88977579647"
[16680:4104:2023-7-13 2:37:42.583] [client_launch_app] Zoom app process created, result:42
[16680:4104:2023-7-13 2:37:42.660] Main End
